<?xml version="1.0" encoding="UTF-8"?>
<!-- Generated by org.testng.reporters.JUnitXMLReporter -->
<testsuite ignored="0" hostname="PRDAS2022" failures="0" tests="4" name="Default test" time="0.039" errors="0" timestamp="2023-01-24T12:04:42 IST">
  <testcase classname="com.qa.Volante.TestNGDemoTest" name="f3" time="0.007"/>
  <testcase classname="com.qa.Volante.TestNGDemoTest" name="f1" time="0.001"/>
  <testcase classname="com.qa.Volante.TestNGDemoTest" name="f2" time="0.001"/>
  <testcase classname="com.qa.Volante.TestNGDemoTest" name="f4" time="0.0"/>
</testsuite> <!-- Default test -->
