<?xml version="1.0" encoding="UTF-8"?>
<testng-results ignored="0" total="4" passed="4" failed="0" skipped="0">
  <reporter-output>
  </reporter-output>
  <suite started-at="2023-01-24T12:04:42 IST" name="Default suite" finished-at="2023-01-24T12:04:42 IST" duration-ms="39">
    <groups>
    </groups>
    <test started-at="2023-01-24T12:04:42 IST" name="Default test" finished-at="2023-01-24T12:04:42 IST" duration-ms="39">
      <class name="com.qa.Volante.TestNGDemoTest">
        <test-method signature="f3()[pri:1, instance:com.qa.Volante.TestNGDemoTest@5119fb47]" started-at="2023-01-24T12:04:42 IST" name="f3" finished-at="2023-01-24T12:04:42 IST" duration-ms="7" status="PASS">
          <reporter-output>
          </reporter-output>
        </test-method> <!-- f3 -->
        <test-method signature="f1()[pri:2, instance:com.qa.Volante.TestNGDemoTest@5119fb47]" started-at="2023-01-24T12:04:42 IST" name="f1" finished-at="2023-01-24T12:04:42 IST" duration-ms="1" status="PASS">
          <reporter-output>
          </reporter-output>
        </test-method> <!-- f1 -->
        <test-method signature="f2()[pri:3, instance:com.qa.Volante.TestNGDemoTest@5119fb47]" started-at="2023-01-24T12:04:42 IST" name="f2" finished-at="2023-01-24T12:04:42 IST" duration-ms="1" status="PASS">
          <reporter-output>
          </reporter-output>
        </test-method> <!-- f2 -->
        <test-method signature="f4()[pri:4, instance:com.qa.Volante.TestNGDemoTest@5119fb47]" started-at="2023-01-24T12:04:42 IST" name="f4" finished-at="2023-01-24T12:04:42 IST" duration-ms="0" status="PASS">
          <reporter-output>
          </reporter-output>
        </test-method> <!-- f4 -->
      </class> <!-- com.qa.Volante.TestNGDemoTest -->
    </test> <!-- Default test -->
  </suite> <!-- Default suite -->
</testng-results>
